It is highly recommended to use a minimum Redis version of 6.2.0
             Current: 5.0.14.1
It is highly recommended to use a minimum Redis version of 6.2.0
             Current: 5.0.14.1
It is highly recommended to use a minimum Redis version of 6.2.0
             Current: 5.0.14.1
[31m[Nest] 40788  - [39m07/08/2026, 3:24:17 PM [31m  ERROR[39m [38;5;3m[ExceptionsHandler] [39m[31m
Invalid `this.prisma.admin.findUnique()` invocation in
C:\Users\cyber\Desktop\k2\backend\dist\auth\auth.service.js:85:44

  82     user = await this.prisma.driver.findUnique({ where: { phone } });
  83 }
  84 else {
→ 85     user = await this.prisma.admin.findUnique(
The column `admins.updated_at` does not exist in the current database.[39m
PrismaClientKnownRequestError: 
Invalid `this.prisma.admin.findUnique()` invocation in
C:\Users\cyber\Desktop\k2\backend\dist\auth\auth.service.js:85:44

  82     user = await this.prisma.driver.findUnique({ where: { phone } });
  83 }
  84 else {
→ 85     user = await this.prisma.admin.findUnique(
The column `admins.updated_at` does not exist in the current database.
    at $n.handleRequestError (C:\Users\cyber\Desktop\k2\backend\node_modules\@prisma\client\runtime\library.js:121:7315)
    at $n.handleAndLogRequestError (C:\Users\cyber\Desktop\k2\backend\node_modules\@prisma\client\runtime\library.js:121:6623)
    at $n.request (C:\Users\cyber\Desktop\k2\backend\node_modules\@prisma\client\runtime\library.js:121:6307)
    at async l (C:\Users\cyber\Desktop\k2\backend\node_modules\@prisma\client\runtime\library.js:130:9633)
    at async AuthService.login (C:\Users\cyber\Desktop\k2\backend\dist\auth\auth.service.js:85:20)
    at async C:\Users\cyber\Desktop\k2\backend\node_modules\@nestjs\core\router\router-execution-context.js:46:28
    at async C:\Users\cyber\Desktop\k2\backend\node_modules\@nestjs\core\router\router-proxy.js:9:17
