Error: Redis version needs to be greater or equal than 5.0.0 Current: 3.0.504
    at RedisConnection.init (C:\Users\cyber\Desktop\k2\backend\node_modules\bullmq\dist\cjs\classes\redis-connection.js:203:27)
    at process.processTicksAndRejections (node:internal/process/task_queues:103:5)
Error: Redis version needs to be greater or equal than 5.0.0 Current: 3.0.504
    at RedisConnection.init (C:\Users\cyber\Desktop\k2\backend\node_modules\bullmq\dist\cjs\classes\redis-connection.js:203:27)
    at process.processTicksAndRejections (node:internal/process/task_queues:103:5)
Error: Redis version needs to be greater or equal than 5.0.0 Current: 3.0.504
    at RedisConnection.init (C:\Users\cyber\Desktop\k2\backend\node_modules\bullmq\dist\cjs\classes\redis-connection.js:203:27)
    at process.processTicksAndRejections (node:internal/process/task_queues:103:5)
Error: Redis version needs to be greater or equal than 5.0.0 Current: 3.0.504
    at RedisConnection.init (C:\Users\cyber\Desktop\k2\backend\node_modules\bullmq\dist\cjs\classes\redis-connection.js:203:27)
    at process.processTicksAndRejections (node:internal/process/task_queues:103:5)
Error: Redis version needs to be greater or equal than 5.0.0 Current: 3.0.504
    at RedisConnection.init (C:\Users\cyber\Desktop\k2\backend\node_modules\bullmq\dist\cjs\classes\redis-connection.js:203:27)
    at process.processTicksAndRejections (node:internal/process/task_queues:103:5)
[31m[Nest] 34540  - [39m07/08/2026, 1:55:05 PM [31m  ERROR[39m [38;5;3m[NestApplication] [39m[31mError: listen EADDRINUSE: address already in use :::3000[39m[38;5;3m +1ms[39m
node:net:1940
    const ex = new UVExceptionWithHostPort(err, 'listen', address, port);
               ^

Error: listen EADDRINUSE: address already in use :::3000
    at Server.setupListenHandle [as _listen2] (node:net:1940:16)
    at listenInCluster (node:net:1997:12)
    at Server.listen (node:net:2102:7)
    at ExpressAdapter.listen (C:\Users\cyber\Desktop\k2\backend\node_modules\@nestjs\platform-express\adapters\express-adapter.js:95:32)
    at C:\Users\cyber\Desktop\k2\backend\node_modules\@nestjs\core\nest-application.js:183:30
    at new Promise (<anonymous>)
    at NestApplication.listen (C:\Users\cyber\Desktop\k2\backend\node_modules\@nestjs\core\nest-application.js:173:16)
    at async bootstrap (C:\Users\cyber\Desktop\k2\backend\dist\main.js:16:5) {
  code: 'EADDRINUSE',
  errno: -4091,
  syscall: 'listen',
  address: '::',
  port: 3000
}

Node.js v22.22.1
